nohup: ignoring input
Connected
[0mGET / [36m304 [0m6.599 ms - -[0m
[0mGET /javascripts/orders.js [36m304 [0m1.529 ms - -[0m
[0mGET /stylesheets/style.css [36m304 [0m0.989 ms - -[0m
[0mGET /javascripts/auth.js [36m304 [0m0.852 ms - -[0m
[0mGET /images/BBlogo-white.svg [36m304 [0m0.881 ms - -[0m
[0mGET /images/aisle.jpg [36m304 [0m0.311 ms - -[0m
[0mGET /mainPg.html [36m304 [0m2.149 ms - -[0m
[0mGET /%7B%7Bitem.img%7D%7D [33m404 [0m327.260 ms - 1834[0m
[0mGET /javascripts/orders.js [36m304 [0m2.329 ms - -[0m
[0mGET /stylesheets/style.css [36m304 [0m2.358 ms - -[0m
[0mGET /images/BBlogo-grey.svg [36m304 [0m2.352 ms - -[0m
[0mGET /items.json [36m304 [0m0.392 ms - -[0m
[0mGET /items [36m304 [0m25.530 ms - -[0m
[0mGET /search.html [36m304 [0m1.228 ms - -[0m
[0mGET /%7B%7Bitem.img%7D%7D [33m404 [0m45.210 ms - 1834[0m
[0mGET /javascripts/orders.js [36m304 [0m1.386 ms - -[0m
[0mGET /stylesheets/style.css [36m304 [0m1.284 ms - -[0m
[0mGET /images/BBlogo-grey.svg [36m304 [0m1.244 ms - -[0m
[0mGET /items.json [36m304 [0m0.351 ms - -[0m
[0mGET /items [36m304 [0m5.803 ms - -[0m
[0mGET /orderPopup.html [36m304 [0m0.371 ms - -[0m
[0mPOST /add [32m200 [0m29.344 ms - 384[0m
[0mGET /mainPg.html [36m304 [0m0.380 ms - -[0m
[0mGET /%7B%7Bitem.img%7D%7D [33m404 [0m36.897 ms - 1834[0m
[0mGET /javascripts/orders.js [36m304 [0m37.236 ms - -[0m
[0mGET /stylesheets/style.css [36m304 [0m0.985 ms - -[0m
[0mGET /images/BBlogo-grey.svg [36m304 [0m0.970 ms - -[0m
[0mGET /items.json [36m304 [0m0.388 ms - -[0m
[0mGET /items [32m200 [0m6.621 ms - 767[0m
[0mGET /orderPopup.html [36m304 [0m0.328 ms - -[0m
[0mGET / [32m200 [0m2.867 ms - 3710[0m
[0mGET / [32m200 [0m3.761 ms - 3710[0m
[0mGET / [32m200 [0m0.565 ms - 3710[0m
[0mGET /favicon.ico [33m404 [0m22.174 ms - 1834[0m
[0mGET /mainPg.html [36m304 [0m0.713 ms - -[0m
[0mGET /%7B%7Bitem.img%7D%7D [33m404 [0m13.816 ms - 1834[0m
[0mGET /stylesheets/style.css [36m304 [0m0.274 ms - -[0m
[0mGET /images/BBlogo-grey.svg [36m304 [0m0.434 ms - -[0m
[0mGET /javascripts/orders.js [36m304 [0m0.829 ms - -[0m
[0mGET /items.json [36m304 [0m0.288 ms - -[0m
[0mGET /items [36m304 [0m2.226 ms - -[0m
[0mGET / [36m304 [0m0.341 ms - -[0m
[0mGET /javascripts/auth.js [36m304 [0m1.051 ms - -[0m
[0mGET /javascripts/orders.js [36m304 [0m1.537 ms - -[0m
[0mGET /stylesheets/style.css [36m304 [0m0.209 ms - -[0m
[0mGET /images/BBlogo-white.svg [36m304 [0m0.198 ms - -[0m
[0mGET /images/aisle.jpg [36m304 [0m0.314 ms - -[0m
[0mGET /mainPg.html [36m304 [0m0.317 ms - -[0m
[0mGET /%7B%7Bitem.img%7D%7D [33m404 [0m12.283 ms - 1834[0m
[0mGET /javascripts/orders.js [36m304 [0m0.824 ms - -[0m
[0mGET /stylesheets/style.css [36m304 [0m0.835 ms - -[0m
[0mGET /images/BBlogo-grey.svg [36m304 [0m0.814 ms - -[0m
[0mGET /items.json [36m304 [0m0.339 ms - -[0m
[0mGET /items [36m304 [0m3.771 ms - -[0m
[0mGET /search.html [36m304 [0m0.368 ms - -[0m
[0mGET /%7B%7Bitem.img%7D%7D [33m404 [0m14.860 ms - 1834[0m
[0mGET /javascripts/orders.js [36m304 [0m1.597 ms - -[0m
[0mGET /stylesheets/style.css [36m304 [0m1.548 ms - -[0m
[0mGET /images/BBlogo-grey.svg [36m304 [0m0.679 ms - -[0m
[0mGET /items.json [36m304 [0m0.306 ms - -[0m
[0mGET /items [36m304 [0m3.271 ms - -[0m
[0mGET /search.html [36m304 [0m0.304 ms - -[0m
[0mGET /%7B%7Bitem.img%7D%7D [33m404 [0m12.760 ms - 1834[0m
[0mGET /stylesheets/style.css [36m304 [0m0.322 ms - -[0m
[0mGET /images/BBlogo-grey.svg [36m304 [0m0.881 ms - -[0m
[0mGET /javascripts/orders.js [36m304 [0m0.868 ms - -[0m
[0mGET /items.json [32m200 [0m0.930 ms - 4992[0m
[0mGET /items [36m304 [0m2.642 ms - -[0m
[0mGET /search.html [36m304 [0m0.353 ms - -[0m
[0mGET /%7B%7Bitem.img%7D%7D [33m404 [0m15.339 ms - 1834[0m
[0mGET /javascripts/orders.js [36m304 [0m15.541 ms - -[0m
[0mGET /stylesheets/style.css [36m304 [0m0.427 ms - -[0m
[0mGET /images/BBlogo-grey.svg [36m304 [0m0.425 ms - -[0m
[0mGET /items.json [36m304 [0m0.327 ms - -[0m
[0mGET /items [36m304 [0m2.699 ms - -[0m
[0mGET /stylesheets/style.css [36m304 [0m0.334 ms - -[0m
[0mGET /search.html [32m200 [0m0.586 ms - 2234[0m
[0mGET /javascripts/orders.js [32m200 [0m1.495 ms - 7653[0m
[0mGET /stylesheets/style.css [32m200 [0m2.377 ms - 6764[0m
[0mGET /images/BBlogo-grey.svg [32m200 [0m2.421 ms - 1714[0m
[0mGET /%7B%7Bitem.img%7D%7D [33m404 [0m7.445 ms - 1834[0m
[0mGET /items.json [32m200 [0m0.565 ms - 4991[0m
[0mGET /items [32m200 [0m2.088 ms - 767[0m
[0mGET /orderPopup.html [36m304 [0m0.313 ms - -[0m
[0mGET /search.html [36m304 [0m0.306 ms - -[0m
[0mGET /%7B%7Bitem.img%7D%7D [33m404 [0m6.093 ms - 1834[0m
[0mGET /stylesheets/style.css [36m304 [0m2.777 ms - -[0m
[0mGET /javascripts/orders.js [36m304 [0m0.247 ms - -[0m
[0mGET /images/BBlogo-grey.svg [36m304 [0m0.183 ms - -[0m
[0mGET /items.json [32m200 [0m4.286 ms - 4991[0m
[0mGET /items [36m304 [0m7.866 ms - -[0m
[0mGET /orderPopup.html [32m200 [0m1.731 ms - 3244[0m
[0mGET /stylesheets/style.css [36m304 [0m0.581 ms - -[0m
[0mGET /search.html [32m200 [0m0.491 ms - 2234[0m
[0mGET /javascripts/orders.js [32m200 [0m0.914 ms - 7653[0m
[0mGET /stylesheets/style.css [32m200 [0m1.238 ms - 6764[0m
[0mGET /images/BBlogo-grey.svg [32m200 [0m2.207 ms - 1714[0m
[0mGET /%7B%7Bitem.img%7D%7D [33m404 [0m4.661 ms - 1834[0m
[0mGET /items.json [32m200 [0m0.516 ms - 4991[0m
[0mGET /items [32m200 [0m9.165 ms - 767[0m
[0mGET /orderPopup.html [32m200 [0m0.478 ms - 3249[0m
[0mGET /search.html [32m200 [0m0.481 ms - 2234[0m
[0mGET /javascripts/orders.js [32m200 [0m0.497 ms - 7653[0m
[0mGET /stylesheets/style.css [32m200 [0m0.706 ms - 6764[0m
[0mGET /images/BBlogo-grey.svg [32m200 [0m0.596 ms - 1714[0m
[0mGET /%7B%7Bitem.img%7D%7D [33m404 [0m7.829 ms - 1834[0m
[0mGET /items.json [32m200 [0m0.543 ms - 4991[0m
[0mGET /items [32m200 [0m4.135 ms - 767[0m
[0mGET /orderPopup.html [32m200 [0m2.146 ms - 3282[0m
[0mGET /search.html [32m200 [0m3.986 ms - 2234[0m
[0mGET /stylesheets/style.css [32m200 [0m0.524 ms - 6862[0m
[0mGET /%7B%7Bitem.img%7D%7D [33m404 [0m12.574 ms - 1834[0m
[0mGET /javascripts/orders.js [32m200 [0m13.588 ms - 7653[0m
[0mGET /images/BBlogo-grey.svg [32m200 [0m13.565 ms - 1714[0m
[0mGET /items.json [32m200 [0m0.492 ms - 4991[0m
[0mGET /items [32m200 [0m2.140 ms - 767[0m
[0mGET /orderPopup.html [32m200 [0m0.791 ms - 3262[0m
[0mGET /search.html [32m200 [0m0.460 ms - 2234[0m
[0mGET /javascripts/orders.js [32m200 [0m0.457 ms - 7653[0m
[0mGET /stylesheets/style.css [32m200 [0m1.120 ms - 6862[0m
[0mGET /images/BBlogo-grey.svg [32m200 [0m1.167 ms - 1714[0m
[0mGET /%7B%7Bitem.img%7D%7D [33m404 [0m7.661 ms - 1834[0m
[0mGET /items.json [32m200 [0m0.526 ms - 4991[0m
[0mGET /items [32m200 [0m2.979 ms - 767[0m
[0mGET /orderPopup.html [32m200 [0m0.484 ms - 3281[0m
[0mGET /search.html [32m200 [0m0.574 ms - 2234[0m
[0mGET /javascripts/orders.js [32m200 [0m0.478 ms - 7653[0m
[0mGET /stylesheets/style.css [32m200 [0m0.363 ms - 6862[0m
[0mGET /images/BBlogo-grey.svg [32m200 [0m1.755 ms - 1714[0m
[0mGET /%7B%7Bitem.img%7D%7D [33m404 [0m7.445 ms - 1834[0m
[0mGET /items.json [32m200 [0m1.873 ms - 4991[0m
[0mGET /items [32m200 [0m3.870 ms - 767[0m
[0mGET /mainPg.html [32m200 [0m4.361 ms - 3479[0m
[0mGET /javascripts/orders.js [32m200 [0m0.481 ms - 7653[0m
[0mGET /stylesheets/style.css [32m200 [0m0.642 ms - 6862[0m
[0mGET /images/BBlogo-grey.svg [32m200 [0m0.705 ms - 1714[0m
[0mGET /%7B%7Bitem.img%7D%7D [33m404 [0m6.421 ms - 1834[0m
[0mGET /items.json [32m200 [0m0.959 ms - 4991[0m
[0mGET /items [32m200 [0m3.215 ms - 767[0m
[0mGET /search.html [36m304 [0m0.350 ms - -[0m
[0mGET /%7B%7Bitem.img%7D%7D [33m404 [0m5.246 ms - 1834[0m
[0mGET /javascripts/orders.js [36m304 [0m0.601 ms - -[0m
[0mGET /stylesheets/style.css [36m304 [0m0.574 ms - -[0m
[0mGET /images/BBlogo-grey.svg [36m304 [0m0.606 ms - -[0m
[0mGET /items.json [36m304 [0m0.289 ms - -[0m
[0mGET /items [36m304 [0m2.989 ms - -[0m
[0mGET /orderPopup.html [36m304 [0m0.464 ms - -[0m
[0mPOST /add [32m200 [0m3.640 ms - 392[0m
[0mGET /mainPg.html [36m304 [0m0.332 ms - -[0m
[0mGET /javascripts/orders.js [36m304 [0m0.731 ms - -[0m
[0mGET /%7B%7Bitem.img%7D%7D [33m404 [0m5.007 ms - 1834[0m
[0mGET /stylesheets/style.css [36m304 [0m0.380 ms - -[0m
[0mGET /images/BBlogo-grey.svg [36m304 [0m0.373 ms - -[0m
[0mGET /items.json [36m304 [0m0.286 ms - -[0m
[0mGET /items [32m200 [0m3.628 ms - 1160[0m
[0mGET /skippedDialog.html [36m304 [0m0.288 ms - -[0m
in Delete
[0mDELETE /items/5c101edd41347a47efb55529 [32m200 [0m7.981 ms - 2[0m
[0mGET /items [32m200 [0m6.697 ms - 767[0m
[0mGET / [32m200 [0m1.849 ms - 4152[0m
[0mGET /stylesheets/style.css [36m304 [0m0.282 ms - -[0m
[0mGET /javascripts/orders.js [36m304 [0m0.557 ms - -[0m
[0mGET /javascripts/auth.js [36m304 [0m0.653 ms - -[0m
[0mGET /images/BBlogo-white.svg [36m304 [0m0.262 ms - -[0m
[0mGET /images/aisle.jpg [36m304 [0m0.281 ms - -[0m
[0mGET / [36m304 [0m0.287 ms - -[0m
[0mGET /javascripts/orders.js [36m304 [0m0.304 ms - -[0m
[0mGET /javascripts/auth.js [36m304 [0m0.189 ms - -[0m
[0mGET /images/BBlogo-white.svg [36m304 [0m0.372 ms - -[0m
[0mGET /stylesheets/style.css [32m200 [0m0.578 ms - 6842[0m
[0mGET /images/aisle.jpg [36m304 [0m0.306 ms - -[0m
[0mGET / [36m304 [0m0.306 ms - -[0m
[0mGET /javascripts/orders.js [36m304 [0m0.495 ms - -[0m
[0mGET /javascripts/auth.js [36m304 [0m2.755 ms - -[0m
[0mGET /stylesheets/style.css [36m304 [0m0.729 ms - -[0m
[0mGET /images/BBlogo-white.svg [36m304 [0m0.734 ms - -[0m
[0mGET /images/aisle.jpg [36m304 [0m0.341 ms - -[0m
[0mGET /stylesheets/style.css [36m304 [0m0.300 ms - -[0m
[0mGET / [32m200 [0m0.564 ms - 4184[0m
[0mGET /javascripts/orders.js [32m200 [0m1.173 ms - 7653[0m
[0mGET /javascripts/auth.js [32m200 [0m1.263 ms - 475[0m
[0mGET /stylesheets/style.css [32m200 [0m1.276 ms - 6846[0m
[0mGET /images/BBlogo-white.svg [32m200 [0m0.352 ms - 1714[0m
[0mGET /images/aisle.jpg [32m200 [0m0.486 ms - 3167597[0m
[0mGET / [32m200 [0m0.453 ms - 4184[0m
[0mGET /javascripts/auth.js [32m200 [0m0.726 ms - 475[0m
[0mGET /javascripts/orders.js [32m200 [0m0.841 ms - 7653[0m
[0mGET /stylesheets/style.css [32m200 [0m0.341 ms - 6846[0m
[0mGET /images/BBlogo-white.svg [32m200 [0m0.329 ms - 1714[0m
[0mGET /images/aisle.jpg [32m200 [0m0.538 ms - 3167597[0m
[0mGET / [32m200 [0m3.894 ms - 4184[0m
[0mGET /stylesheets/style.css [32m200 [0m0.526 ms - 6940[0m
[0mGET /javascripts/orders.js [36m304 [0m0.542 ms - -[0m
[0mGET /javascripts/auth.js [36m304 [0m0.699 ms - -[0m
[0mGET /images/BBlogo-white.svg [36m304 [0m29.996 ms - -[0m
[0mGET /images/aisle.jpg [36m304 [0m1.330 ms - -[0m
[0mGET / [36m304 [0m0.624 ms - -[0m
[0mGET /javascripts/orders.js [36m304 [0m3.401 ms - -[0m
[0mGET /javascripts/auth.js [36m304 [0m3.249 ms - -[0m
[0mGET /images/BBlogo-white.svg [36m304 [0m5.739 ms - -[0m
[0mGET /stylesheets/style.css [32m200 [0m9.143 ms - 6957[0m
[0mGET /images/aisle.jpg [36m304 [0m0.333 ms - -[0m
[0mGET / [36m304 [0m0.642 ms - -[0m
[0mGET /javascripts/orders.js [36m304 [0m0.523 ms - -[0m
[0mGET /javascripts/auth.js [36m304 [0m0.322 ms - -[0m
[0mGET /images/BBlogo-white.svg [36m304 [0m0.742 ms - -[0m
[0mGET /stylesheets/style.css [32m200 [0m1.255 ms - 6958[0m
[0mGET /images/aisle.jpg [36m304 [0m0.334 ms - -[0m
[0mGET / [32m200 [0m1.057 ms - 4220[0m
[0mGET /javascripts/orders.js [36m304 [0m0.511 ms - -[0m
[0mGET /javascripts/auth.js [36m304 [0m0.281 ms - -[0m
[0mGET /stylesheets/style.css [36m304 [0m0.210 ms - -[0m
[0mGET /images/BBlogo-white.svg [36m304 [0m0.187 ms - -[0m
[0mGET /images/aisle.jpg [36m304 [0m0.309 ms - -[0m
[0mGET / [32m200 [0m0.713 ms - 4288[0m
[0mGET /javascripts/orders.js [36m304 [0m0.362 ms - -[0m
[0mGET /javascripts/auth.js [36m304 [0m0.183 ms - -[0m
[0mGET /stylesheets/style.css [36m304 [0m0.176 ms - -[0m
[0mGET /images/BBlogo-white.svg [36m304 [0m0.217 ms - -[0m
[0mGET /images/aisle.jpg [36m304 [0m0.314 ms - -[0m
[0mGET / [36m304 [0m0.329 ms - -[0m
[0mGET /javascripts/orders.js [36m304 [0m0.529 ms - -[0m
[0mGET /javascripts/auth.js [36m304 [0m1.103 ms - -[0m
[0mGET /stylesheets/style.css [36m304 [0m0.572 ms - -[0m
[0mGET /images/BBlogo-white.svg [36m304 [0m0.383 ms - -[0m
[0mGET /images/aisle.jpg [36m304 [0m0.330 ms - -[0m
[0mGET / [32m200 [0m0.542 ms - 4256[0m
[0mGET /javascripts/orders.js [36m304 [0m1.550 ms - -[0m
[0mGET /javascripts/auth.js [36m304 [0m0.582 ms - -[0m
[0mGET /stylesheets/style.css [36m304 [0m0.380 ms - -[0m
[0mGET /images/BBlogo-white.svg [36m304 [0m0.265 ms - -[0m
[0mGET /images/aisle.jpg [36m304 [0m0.328 ms - -[0m
[0mGET /mainPg.html [36m304 [0m0.306 ms - -[0m
[0mGET /%7B%7Bitem.img%7D%7D [33m404 [0m38.750 ms - 1834[0m
[0mGET /javascripts/orders.js [36m304 [0m0.681 ms - -[0m
[0mGET /stylesheets/style.css [36m304 [0m0.676 ms - -[0m
[0mGET /images/BBlogo-grey.svg [36m304 [0m0.647 ms - -[0m
[0mGET /items.json [36m304 [0m0.294 ms - -[0m
[0mGET /items [36m304 [0m5.060 ms - -[0m
[0mGET /search.html [36m304 [0m0.333 ms - -[0m
[0mGET /%7B%7Bitem.img%7D%7D [33m404 [0m28.513 ms - 1834[0m
[0mGET /javascripts/orders.js [36m304 [0m0.653 ms - -[0m
[0mGET /stylesheets/style.css [36m304 [0m1.883 ms - -[0m
[0mGET /images/BBlogo-grey.svg [36m304 [0m1.913 ms - -[0m
[0mGET /items.json [36m304 [0m0.283 ms - -[0m
[0mGET /items [36m304 [0m2.346 ms - -[0m
[0mGET /orderPopup.html [36m304 [0m0.309 ms - -[0m
[0mPOST / [33m404 [0m35.857 ms - 1829[0m
[0mPOST /add [32m200 [0m3.503 ms - 375[0m
[0mGET /mainPg.html [36m304 [0m0.344 ms - -[0m
[0mGET /%7B%7Bitem.img%7D%7D [33m404 [0m17.764 ms - 1834[0m
[0mGET /javascripts/orders.js [36m304 [0m18.024 ms - -[0m
[0mGET /stylesheets/style.css [36m304 [0m0.426 ms - -[0m
[0mGET /images/BBlogo-grey.svg [36m304 [0m0.384 ms - -[0m
[0mGET /items.json [36m304 [0m0.327 ms - -[0m
[0mGET /items [32m200 [0m3.097 ms - 1143[0m
[0mGET /skippedDialog.html [36m304 [0m0.623 ms - -[0m
[0mGET /orderPopup.html [36m304 [0m0.337 ms - -[0m
[0mGET /stylesheets/style.css [36m304 [0m0.303 ms - -[0m
[0mGET /mainPg.html [32m200 [0m0.505 ms - 3503[0m
[0mGET /stylesheets/style.css [32m200 [0m1.822 ms - 6958[0m
[0mGET /javascripts/orders.js [32m200 [0m0.508 ms - 7653[0m
[0mGET /images/BBlogo-grey.svg [32m200 [0m0.697 ms - 1714[0m
[0mGET /%7B%7Bitem.img%7D%7D [33m404 [0m13.788 ms - 1834[0m
[0mGET /items.json [32m200 [0m0.549 ms - 4991[0m
[0mGET /items [32m200 [0m3.447 ms - 1143[0m
[0mGET /stylesheets/style.css [36m304 [0m0.361 ms - -[0m
[0mGET /mainPg.html [32m200 [0m0.511 ms - 3503[0m
[0mGET /javascripts/orders.js [32m200 [0m0.797 ms - 7653[0m
[0mGET /stylesheets/style.css [32m200 [0m1.229 ms - 6958[0m
[0mGET /images/BBlogo-grey.svg [32m200 [0m0.574 ms - 1714[0m
[0mGET /%7B%7Bitem.img%7D%7D [33m404 [0m6.937 ms - 1834[0m
[0mGET /items.json [32m200 [0m0.496 ms - 4991[0m
[0mGET /items [32m200 [0m6.288 ms - 1143[0m
[0mGET /mainPg.html [32m200 [0m0.515 ms - 3527[0m
[0mGET /javascripts/orders.js [32m200 [0m0.794 ms - 7653[0m
[0mGET /stylesheets/style.css [32m200 [0m1.339 ms - 6958[0m
[0mGET /images/BBlogo-grey.svg [32m200 [0m1.621 ms - 1714[0m
[0mGET /%7B%7Bitem.img%7D%7D [33m404 [0m8.734 ms - 1834[0m
[0mGET /items.json [32m200 [0m0.502 ms - 4991[0m
[0mGET /items [32m200 [0m9.191 ms - 1143[0m
[0mGET /skippedDialog.html [36m304 [0m0.765 ms - -[0m
